<?xml version="1.0" encoding="UTF-8"?>
<!-- Generated by org.testng.reporters.JUnitXMLReporter -->
<testsuite ignored="0" hostname="DABHADE-HOME" failures="0" tests="4" name="Test" time="0.375" errors="0" timestamp="2022-09-07T15:34:00 IST">
  <testcase classname="testNGSuite.Class1" name="testA" time="0.219"/>
  <testcase classname="testNGSuite.Class1" name="testB" time="0.01"/>
  <testcase classname="testNGSuite.Class2" name="testA" time="0.005"/>
  <testcase classname="testNGSuite.Class2" name="testB" time="0.002"/>
</testsuite> <!-- Test -->
