<?xml version="1.0" encoding="UTF-8"?>
<!-- Generated by org.testng.reporters.JUnitXMLReporter -->
<testsuite ignored="0" hostname="DABHADE-HOME" failures="0" tests="4" name="Test2" time="0.245" errors="0" timestamp="2022-09-07T15:34:00 IST">
  <testcase classname="testNGSuite2.Class3" name="testA" time="0.003"/>
  <testcase classname="testNGSuite2.Class3" name="testB" time="0.072"/>
  <testcase classname="testNGSuite2.Class4" name="testA" time="0.007"/>
  <testcase classname="testNGSuite2.Class4" name="testB" time="0.007"/>
</testsuite> <!-- Test2 -->
