<?xml version="1.0" encoding="UTF-8"?>
<!-- Generated by org.testng.reporters.JUnitXMLReporter -->
<testsuite ignored="0" hostname="DABHADE-HOME" failures="0" tests="4" name="Test1" time="0.278" errors="0" timestamp="2022-09-07T13:14:57 IST">
  <testcase classname="testNGSuite.Class1" name="testA" time="0.017"/>
  <testcase classname="testNGSuite.Class1" name="testB" time="0.007"/>
  <testcase classname="testNGSuite.Class2" name="testA" time="0.008"/>
  <testcase classname="testNGSuite.Class2" name="testB" time="0.032"/>
</testsuite> <!-- Test1 -->
