<?xml version="1.0" encoding="UTF-8"?>
<!-- Generated by org.testng.reporters.JUnitXMLReporter -->
<testsuite ignored="0" hostname="DABHADE-HOME" failures="0" tests="4" name="Test" time="0.108" errors="0" timestamp="2022-09-06T14:16:15 IST">
  <testcase classname="testNGSuite.Class1" name="testA" time="0.013"/>
  <testcase classname="testNGSuite.Class1" name="testB" time="0.003"/>
  <testcase classname="testNGSuite.Class2" name="testA" time="0.003"/>
  <testcase classname="testNGSuite.Class2" name="testB" time="0.005"/>
</testsuite> <!-- Test -->
