<?xml version="1.0" encoding="UTF-8"?>
<testng-results ignored="0" total="2" passed="2" failed="0" skipped="0">
  <reporter-output>
  </reporter-output>
  <suite started-at="2022-09-13T08:50:55 IST" name="Default suite" finished-at="2022-09-13T08:52:03 IST" duration-ms="67806">
    <groups>
    </groups>
    <test started-at="2022-09-13T08:50:55 IST" name="Default test" finished-at="2022-09-13T08:52:03 IST" duration-ms="67806">
      <class name="Assertions.A">
        <test-method is-config="true" signature="BeforeClass()[pri:0, instance:Assertions.A@7fa98a66]" started-at="2022-09-13T08:50:55 IST" name="BeforeClass" finished-at="2022-09-13T08:51:49 IST" duration-ms="53841" status="PASS">
          <reporter-output>
          </reporter-output>
        </test-method> <!-- BeforeClass -->
        <test-method signature="verifyLoginPage()[pri:0, instance:Assertions.A@7fa98a66]" started-at="2022-09-13T08:51:49 IST" name="verifyLoginPage" finished-at="2022-09-13T08:52:02 IST" duration-ms="13121" status="PASS">
          <reporter-output>
          </reporter-output>
        </test-method> <!-- verifyLoginPage -->
        <test-method signature="verifyHomePage()[pri:1, instance:Assertions.A@7fa98a66]" started-at="2022-09-13T08:52:02 IST" name="verifyHomePage" finished-at="2022-09-13T08:52:03 IST" duration-ms="731" status="PASS">
          <reporter-output>
          </reporter-output>
        </test-method> <!-- verifyHomePage -->
      </class> <!-- Assertions.A -->
    </test> <!-- Default test -->
  </suite> <!-- Default suite -->
</testng-results>
